<?xml version="1.0" encoding="UTF-8"?>
<!-- Generated by org.testng.reporters.JUnitReportReporter -->
<testsuite hostname="Admin" failures="0" tests="1" name="types.of.parameter.PathParameter" time="2.424" errors="0" timestamp="2024-08-20T11:24:47 IST" skipped="0">
  <testcase classname="types.of.parameter.PathParameter" name="sampleTest" time="2.424"/>
</testsuite> <!-- types.of.parameter.PathParameter -->
