<?xml version="1.0" encoding="UTF-8"?>
<!-- Generated by org.testng.reporters.JUnitReportReporter -->
<testsuite hostname="Admin" failures="0" tests="1" name="practicePostrequestTypes.PostReq_Via_JSONFObject" time="3.008" errors="0" timestamp="2024-08-12T13:09:17 IST" skipped="0">
  <testcase classname="practicePostrequestTypes.PostReq_Via_JSONFObject" name="postDataIntoServer" time="3.008"/>
</testsuite> <!-- practicePostrequestTypes.PostReq_Via_JSONFObject -->
