<?xml version="1.0" encoding="UTF-8"?>
<!-- Generated by org.testng.reporters.JUnitReportReporter -->
<testsuite hostname="Admin" failures="0" tests="1" name="types.of.parameter.QueryParameter2" time="2.536" errors="0" timestamp="2024-08-20T12:22:13 IST" skipped="0">
  <testcase classname="types.of.parameter.QueryParameter2" name="sampleTest" time="2.536"/>
</testsuite> <!-- types.of.parameter.QueryParameter2 -->
