<?xml version="1.0" encoding="UTF-8"?>
<!-- Generated by org.testng.reporters.JUnitReportReporter -->
<testsuite hostname="Admin" failures="0" tests="1" name="types.of.parameter.FormParameter" time="2.541" errors="0" timestamp="2024-08-20T12:51:32 IST" skipped="0">
  <testcase classname="types.of.parameter.FormParameter" name="sampleTest" time="2.541"/>
</testsuite> <!-- types.of.parameter.FormParameter -->
