<?xml version="1.0" encoding="UTF-8"?>
<!-- Generated by org.testng.reporters.JUnitReportReporter -->
<testsuite hostname="Admin" failures="0" tests="1" name="types.of.parameter.ParamParameter" time="2.560" errors="0" timestamp="2024-08-20T12:52:38 IST" skipped="0">
  <testcase classname="types.of.parameter.ParamParameter" name="sampleTest" time="2.560"/>
</testsuite> <!-- types.of.parameter.ParamParameter -->
