<?xml version="1.0" encoding="UTF-8"?>
<!-- Generated by org.testng.reporters.JUnitReportReporter -->
<testsuite hostname="Admin" failures="0" tests="1" name="com.sample.crud.withoutbdd.SampleTestForRead" time="4.119" errors="0" timestamp="2024-08-09T12:21:35 IST" skipped="0">
  <testcase classname="com.sample.crud.withoutbdd.SampleTestForRead" name="getDataFromServer" time="4.119"/>
</testsuite> <!-- com.sample.crud.withoutbdd.SampleTestForRead -->
