<?xml version="1.0" encoding="UTF-8"?>
<!-- Generated by org.testng.reporters.JUnitReportReporter -->
<testsuite hostname="Admin" failures="0" tests="1" name="practicePostrequestTypes.PostReq_Via_POJOclass" time="2.968" errors="0" timestamp="2024-08-19T15:16:14 IST" skipped="0">
  <testcase classname="practicePostrequestTypes.PostReq_Via_POJOclass" name="postDataToServer" time="2.968"/>
</testsuite> <!-- practicePostrequestTypes.PostReq_Via_POJOclass -->
