<?xml version="1.0" encoding="UTF-8"?>
<!-- Generated by org.testng.reporters.JUnitReportReporter -->
<testsuite hostname="Admin" failures="0" tests="1" name="practice.responseValidation.VerifyResponseBody_via_jsonpath" time="3.818" errors="0" timestamp="2024-08-19T12:43:28 IST" skipped="0">
  <testcase classname="practice.responseValidation.VerifyResponseBody_via_jsonpath" name="sampleTest1" time="3.818"/>
</testsuite> <!-- practice.responseValidation.VerifyResponseBody_via_jsonpath -->
