<?xml version="1.0" encoding="UTF-8"?>
<!-- Generated by org.testng.reporters.JUnitReportReporter -->
<testsuite hostname="Admin" failures="0" tests="1" name="practice.SampleTestUsingMtdChaining" time="2.760" errors="0" timestamp="2024-08-08T17:57:43 IST" skipped="0">
  <testcase classname="practice.SampleTestUsingMtdChaining" name="getRequesttest" time="2.760"/>
</testsuite> <!-- practice.SampleTestUsingMtdChaining -->
