<?xml version="1.0" encoding="UTF-8"?>
<!-- Generated by org.testng.reporters.JUnitReportReporter -->
<testsuite hostname="Admin" failures="0" tests="1" name="types.of.parameter.ParamParameter2" time="2.334" errors="0" timestamp="2024-08-20T12:55:41 IST" skipped="0">
  <testcase classname="types.of.parameter.ParamParameter2" name="sampleTest" time="2.334"/>
</testsuite> <!-- types.of.parameter.ParamParameter2 -->
