<?xml version="1.0" encoding="UTF-8"?>
<!-- Generated by org.testng.reporters.JUnitReportReporter -->
<testsuite hostname="Admin" failures="0" tests="1" name="types.of.parameter.QueryParameter" time="2.295" errors="0" timestamp="2024-08-20T12:28:07 IST" skipped="0">
  <testcase classname="types.of.parameter.QueryParameter" name="sampleTest" time="2.295"/>
</testsuite> <!-- types.of.parameter.QueryParameter -->
