<?xml version="1.0" encoding="UTF-8"?>
<!-- Generated by org.testng.reporters.JUnitReportReporter -->
<testsuite hostname="Admin" failures="0" tests="1" name="com.sample.crud.withoutbdd.SampleTestForCompleteUpdate" time="2.377" errors="0" timestamp="2024-08-09T12:54:36 IST" skipped="0">
  <testcase classname="com.sample.crud.withoutbdd.SampleTestForCompleteUpdate" name="putDataIntoServer" time="2.377"/>
</testsuite> <!-- com.sample.crud.withoutbdd.SampleTestForCompleteUpdate -->
