<?xml version="1.0" encoding="UTF-8"?>
<!-- Generated by org.testng.reporters.JUnitReportReporter -->
<testsuite hostname="Admin" failures="0" tests="1" name="practice.Run1" time="0.019" errors="0" timestamp="2024-08-08T17:17:10 IST" skipped="0">
  <testcase classname="practice.Run1" name="sampleTest" time="0.019"/>
</testsuite> <!-- practice.Run1 -->
