<?xml version="1.0" encoding="UTF-8"?>
<!-- Generated by org.testng.reporters.JUnitReportReporter -->
<testsuite hostname="Admin" failures="0" tests="1" name="com.sample.crud.withbdd.SampleTestForCreate" time="2.533" errors="0" timestamp="2024-08-09T15:17:50 IST" skipped="0">
  <testcase classname="com.sample.crud.withbdd.SampleTestForCreate" name="postDataIntoServer" time="2.533"/>
</testsuite> <!-- com.sample.crud.withbdd.SampleTestForCreate -->
