<?xml version="1.0" encoding="UTF-8"?>
<!-- Generated by org.testng.reporters.JUnitReportReporter -->
<testsuite hostname="Admin" failures="0" tests="1" name="practicePostrequestTypes.PostReq_Via_Hashmap" time="3.104" errors="0" timestamp="2024-08-12T13:18:06 IST" skipped="0">
  <testcase classname="practicePostrequestTypes.PostReq_Via_Hashmap" name="postDataIntoServer" time="3.104"/>
</testsuite> <!-- practicePostrequestTypes.PostReq_Via_Hashmap -->
