<?xml version="1.0" encoding="UTF-8"?>
<!-- Generated by org.testng.reporters.JUnitReportReporter -->
<testsuite hostname="Admin" failures="0" tests="1" name="com.sample.crud.withbdd.SampleTestForPartiallyUpdate" time="2.506" errors="0" timestamp="2024-08-09T15:25:47 IST" skipped="0">
  <testcase classname="com.sample.crud.withbdd.SampleTestForPartiallyUpdate" name="putDataIntoServer" time="2.506"/>
</testsuite> <!-- com.sample.crud.withbdd.SampleTestForPartiallyUpdate -->
