<?xml version="1.0" encoding="UTF-8"?>
<!-- Generated by org.testng.reporters.JUnitReportReporter -->
<testsuite hostname="Admin" failures="0" tests="1" name="practice.responseValidation.VerifyResponseHeaderTest" time="3.037" errors="0" timestamp="2024-08-19T12:44:14 IST" skipped="0">
  <testcase classname="practice.responseValidation.VerifyResponseHeaderTest" name="verifyHeader" time="3.037"/>
</testsuite> <!-- practice.responseValidation.VerifyResponseHeaderTest -->
