<?xml version="1.0" encoding="UTF-8"?>
<!-- Generated by org.testng.reporters.JUnitReportReporter -->
<testsuite hostname="Admin" failures="0" tests="1" name="com.sample.crud.withbdd.SampleTestForCompleteUpdate" time="2.415" errors="0" timestamp="2024-08-09T15:23:40 IST" skipped="0">
  <testcase classname="com.sample.crud.withbdd.SampleTestForCompleteUpdate" name="putDataIntoServer" time="2.415"/>
</testsuite> <!-- com.sample.crud.withbdd.SampleTestForCompleteUpdate -->
