<?xml version="1.0" encoding="UTF-8"?>
<!-- Generated by org.testng.reporters.JUnitReportReporter -->
<testsuite hostname="Admin" failures="0" tests="1" name="request.chaining.Scenario3_getPayrollInfo" time="5.646" errors="0" timestamp="2024-08-19T16:16:45 IST" skipped="0">
  <testcase classname="request.chaining.Scenario3_getPayrollInfo" name="sampleTest" time="5.646"/>
</testsuite> <!-- request.chaining.Scenario3_getPayrollInfo -->
