<?xml version="1.0" encoding="UTF-8"?>
<!-- Generated by org.testng.reporters.JUnitReportReporter -->
<testsuite hostname="Admin" failures="0" tests="1" name="BE.SampleTest" time="3.282" errors="0" timestamp="2024-08-08T15:57:18 IST" skipped="0">
  <testcase classname="BE.SampleTest" name="sampleRequestTest" time="3.282"/>
</testsuite> <!-- BE.SampleTest -->
