<?xml version="1.0" encoding="UTF-8"?>
<!-- Generated by org.testng.reporters.JUnitReportReporter -->
<testsuite hostname="Admin" failures="0" tests="1" name="request.chaining.Scenario2_AddEmployeeToProject" time="3.961" errors="0" timestamp="2024-08-19T15:42:36 IST" skipped="0">
  <testcase classname="request.chaining.Scenario2_AddEmployeeToProject" name="postDataToServer" time="3.961"/>
</testsuite> <!-- request.chaining.Scenario2_AddEmployeeToProject -->
