<?xml version="1.0" encoding="UTF-8"?>
<!-- Generated by org.testng.reporters.JUnitReportReporter -->
<testsuite hostname="Admin" failures="0" tests="1" name="com.sample.crud.withoutbdd.SampleTestForCreate" time="2.420" errors="0" timestamp="2024-08-09T12:44:24 IST" skipped="0">
  <testcase classname="com.sample.crud.withoutbdd.SampleTestForCreate" name="postDataIntoServer" time="2.420"/>
</testsuite> <!-- com.sample.crud.withoutbdd.SampleTestForCreate -->
