<?xml version="1.0" encoding="UTF-8"?>
<!-- Generated by org.testng.reporters.JUnitReportReporter -->
<testsuite hostname="Admin" failures="0" tests="1" name="com.sample.crud.withoutbdd.SampleTestForDelete" time="2.825" errors="0" timestamp="2024-08-09T12:59:40 IST" skipped="0">
  <testcase classname="com.sample.crud.withoutbdd.SampleTestForDelete" name="getDataFromServer" time="2.825"/>
</testsuite> <!-- com.sample.crud.withoutbdd.SampleTestForDelete -->
