<?xml version="1.0" encoding="UTF-8"?>
<!-- Generated by org.testng.reporters.JUnitReportReporter -->
<testsuite hostname="Admin" failures="0" tests="1" name="practice.responseValidation.VerifyDataFromComplexJsonXpath" time="2.802" errors="0" timestamp="2024-08-19T13:27:33 IST" skipped="0">
  <testcase classname="practice.responseValidation.VerifyDataFromComplexJsonXpath" name="sampleTest" time="2.802"/>
</testsuite> <!-- practice.responseValidation.VerifyDataFromComplexJsonXpath -->
