<?xml version="1.0" encoding="UTF-8"?>
<!-- Generated by org.testng.reporters.JUnitReportReporter -->
<testsuite hostname="Admin" failures="0" tests="1" name="com.sample.crud.withbdd.SampleTestForDelete" time="2.317" errors="0" timestamp="2024-08-09T15:29:36 IST" skipped="0">
  <testcase classname="com.sample.crud.withbdd.SampleTestForDelete" name="getDataFromServer" time="2.317"/>
</testsuite> <!-- com.sample.crud.withbdd.SampleTestForDelete -->
